mode: set
urlshortener/cmd/url-shortener/main.go:25.13,36.16 6 0
urlshortener/cmd/url-shortener/main.go:36.16,40.3 2 0
urlshortener/cmd/url-shortener/main.go:42.2,61.42 7 0
urlshortener/cmd/url-shortener/main.go:61.42,67.3 3 0
urlshortener/cmd/url-shortener/main.go:69.2,83.45 4 0
urlshortener/cmd/url-shortener/main.go:83.45,85.3 1 0
urlshortener/cmd/url-shortener/main.go:87.2,87.29 1 0
urlshortener/cmd/url-shortener/main.go:91.43,94.13 2 0
urlshortener/cmd/url-shortener/main.go:95.16,97.81 1 0
urlshortener/cmd/url-shortener/main.go:98.13,100.81 1 0
urlshortener/cmd/url-shortener/main.go:101.14,103.80 1 0
urlshortener/cmd/url-shortener/main.go:106.2,106.12 1 0
urlshortener/internal/config/config.go:28.25,31.22 2 0
urlshortener/internal/config/config.go:31.22,33.3 1 0
urlshortener/internal/config/config.go:36.2,36.55 1 0
urlshortener/internal/config/config.go:36.55,38.3 1 0
urlshortener/internal/config/config.go:40.2,42.62 2 0
urlshortener/internal/config/config.go:42.62,44.3 1 0
urlshortener/internal/config/config.go:46.2,46.13 1 0
urlshortener/internal/http-server/handlers/url/delete/mocks/URLDeleter.go:13.53,16.19 2 0
urlshortener/internal/http-server/handlers/url/delete/mocks/URLDeleter.go:16.19,17.51 1 0
urlshortener/internal/http-server/handlers/url/delete/mocks/URLDeleter.go:20.2,21.51 2 0
urlshortener/internal/http-server/handlers/url/delete/mocks/URLDeleter.go:21.51,23.3 1 0
urlshortener/internal/http-server/handlers/url/delete/mocks/URLDeleter.go:23.8,25.3 1 0
urlshortener/internal/http-server/handlers/url/delete/mocks/URLDeleter.go:27.2,27.11 1 0
urlshortener/internal/http-server/handlers/url/delete/mocks/URLDeleter.go:35.16,39.19 3 0
urlshortener/internal/http-server/handlers/url/delete/mocks/URLDeleter.go:39.19,39.49 1 0
urlshortener/internal/http-server/handlers/url/delete/mocks/URLDeleter.go:41.2,41.13 1 0
urlshortener/internal/http-server/handlers/url/redirect/mocks/URLGetter.go:13.59,16.19 2 0
urlshortener/internal/http-server/handlers/url/redirect/mocks/URLGetter.go:16.19,17.48 1 0
urlshortener/internal/http-server/handlers/url/redirect/mocks/URLGetter.go:20.2,22.61 3 0
urlshortener/internal/http-server/handlers/url/redirect/mocks/URLGetter.go:22.61,24.3 1 0
urlshortener/internal/http-server/handlers/url/redirect/mocks/URLGetter.go:25.2,25.52 1 0
urlshortener/internal/http-server/handlers/url/redirect/mocks/URLGetter.go:25.52,27.3 1 0
urlshortener/internal/http-server/handlers/url/redirect/mocks/URLGetter.go:27.8,29.3 1 0
urlshortener/internal/http-server/handlers/url/redirect/mocks/URLGetter.go:31.2,31.51 1 0
urlshortener/internal/http-server/handlers/url/redirect/mocks/URLGetter.go:31.51,33.3 1 0
urlshortener/internal/http-server/handlers/url/redirect/mocks/URLGetter.go:33.8,35.3 1 0
urlshortener/internal/http-server/handlers/url/redirect/mocks/URLGetter.go:37.2,37.15 1 0
urlshortener/internal/http-server/handlers/url/redirect/mocks/URLGetter.go:45.15,49.19 3 0
urlshortener/internal/http-server/handlers/url/redirect/mocks/URLGetter.go:49.19,49.49 1 0
urlshortener/internal/http-server/handlers/url/redirect/mocks/URLGetter.go:51.2,51.13 1 0
urlshortener/internal/http-server/middleware/logger/logger.go:12.65,13.46 1 0
urlshortener/internal/http-server/middleware/logger/logger.go:13.46,20.54 3 0
urlshortener/internal/http-server/middleware/logger/logger.go:20.54,31.17 4 0
urlshortener/internal/http-server/middleware/logger/logger.go:31.17,37.5 1 0
urlshortener/internal/http-server/middleware/logger/logger.go:39.4,39.25 1 0
urlshortener/internal/http-server/middleware/logger/logger.go:42.3,42.30 1 0
urlshortener/lib/logger/handlers/slogdiscard/slogdiscard.go:9.38,11.2 1 0
urlshortener/lib/logger/handlers/slogdiscard/slogdiscard.go:15.42,17.2 1 0
urlshortener/lib/logger/handlers/slogdiscard/slogdiscard.go:19.73,22.2 1 0
urlshortener/lib/logger/handlers/slogdiscard/slogdiscard.go:24.64,27.2 1 0
urlshortener/lib/logger/handlers/slogdiscard/slogdiscard.go:29.59,32.2 1 0
urlshortener/lib/logger/handlers/slogdiscard/slogdiscard.go:34.72,37.2 1 0
urlshortener/internal/http-server/handlers/url/save/mocks/URLSaver.go:13.76,16.19 2 0
urlshortener/internal/http-server/handlers/url/save/mocks/URLSaver.go:16.19,17.49 1 0
urlshortener/internal/http-server/handlers/url/save/mocks/URLSaver.go:20.2,22.68 3 0
urlshortener/internal/http-server/handlers/url/save/mocks/URLSaver.go:22.68,24.3 1 0
urlshortener/internal/http-server/handlers/url/save/mocks/URLSaver.go:25.2,25.59 1 0
urlshortener/internal/http-server/handlers/url/save/mocks/URLSaver.go:25.59,27.3 1 0
urlshortener/internal/http-server/handlers/url/save/mocks/URLSaver.go:27.8,29.3 1 0
urlshortener/internal/http-server/handlers/url/save/mocks/URLSaver.go:31.2,31.59 1 0
urlshortener/internal/http-server/handlers/url/save/mocks/URLSaver.go:31.59,33.3 1 0
urlshortener/internal/http-server/handlers/url/save/mocks/URLSaver.go:33.8,35.3 1 0
urlshortener/internal/http-server/handlers/url/save/mocks/URLSaver.go:37.2,37.15 1 0
urlshortener/internal/http-server/handlers/url/save/mocks/URLSaver.go:45.14,49.19 3 0
urlshortener/internal/http-server/handlers/url/save/mocks/URLSaver.go:49.19,49.49 1 0
urlshortener/internal/http-server/handlers/url/save/mocks/URLSaver.go:51.2,51.13 1 0
urlshortener/internal/storage/sqlite/sqlite.go:16.48,20.16 3 0
urlshortener/internal/storage/sqlite/sqlite.go:20.16,22.3 1 0
urlshortener/internal/storage/sqlite/sqlite.go:24.2,32.16 2 0
urlshortener/internal/storage/sqlite/sqlite.go:32.16,34.3 1 0
urlshortener/internal/storage/sqlite/sqlite.go:35.2,38.16 3 0
urlshortener/internal/storage/sqlite/sqlite.go:38.16,40.3 1 0
urlshortener/internal/storage/sqlite/sqlite.go:42.2,42.30 1 0
urlshortener/internal/storage/sqlite/sqlite.go:45.74,49.16 3 0
urlshortener/internal/storage/sqlite/sqlite.go:49.16,51.3 1 0
urlshortener/internal/storage/sqlite/sqlite.go:52.2,55.16 3 0
urlshortener/internal/storage/sqlite/sqlite.go:55.16,59.104 1 0
urlshortener/internal/storage/sqlite/sqlite.go:59.104,61.4 1 0
urlshortener/internal/storage/sqlite/sqlite.go:62.3,62.42 1 0
urlshortener/internal/storage/sqlite/sqlite.go:65.2,66.16 2 0
urlshortener/internal/storage/sqlite/sqlite.go:66.16,68.3 1 0
urlshortener/internal/storage/sqlite/sqlite.go:70.2,70.16 1 0
urlshortener/internal/storage/sqlite/sqlite.go:74.56,78.16 3 0
urlshortener/internal/storage/sqlite/sqlite.go:78.16,80.3 1 0
urlshortener/internal/storage/sqlite/sqlite.go:81.2,87.16 4 0
urlshortener/internal/storage/sqlite/sqlite.go:87.16,89.36 1 0
urlshortener/internal/storage/sqlite/sqlite.go:89.36,91.4 1 0
urlshortener/internal/storage/sqlite/sqlite.go:92.3,92.43 1 0
urlshortener/internal/storage/sqlite/sqlite.go:95.2,95.20 1 0
urlshortener/internal/storage/sqlite/sqlite.go:98.49,102.16 3 0
urlshortener/internal/storage/sqlite/sqlite.go:102.16,104.3 1 0
urlshortener/internal/storage/sqlite/sqlite.go:105.2,108.16 3 0
urlshortener/internal/storage/sqlite/sqlite.go:108.16,110.3 1 0
urlshortener/internal/storage/sqlite/sqlite.go:113.2,114.16 2 0
urlshortener/internal/storage/sqlite/sqlite.go:114.16,116.3 1 0
urlshortener/internal/storage/sqlite/sqlite.go:117.2,117.23 1 0
urlshortener/internal/storage/sqlite/sqlite.go:117.23,119.3 1 0
urlshortener/internal/storage/sqlite/sqlite.go:121.2,121.12 1 0
urlshortener/lib/api/response/response.go:21.20,25.2 1 0
urlshortener/lib/api/response/response.go:27.33,33.2 1 0
urlshortener/lib/api/response/response.go:36.64,39.27 2 0
urlshortener/lib/api/response/response.go:39.27,40.26 1 0
urlshortener/lib/api/response/response.go:41.19,42.87 1 0
urlshortener/lib/api/response/response.go:43.14,44.86 1 0
urlshortener/lib/api/response/response.go:45.11,46.80 1 0
urlshortener/lib/api/response/response.go:50.2,53.3 1 0
urlshortener/lib/random/random.go:9.39,17.19 4 0
urlshortener/lib/random/random.go:17.19,19.3 1 0
urlshortener/lib/random/random.go:21.2,21.18 1 0
urlshortener/internal/http-server/handlers/url/redirect/redirect.go:25.66,26.54 1 1
urlshortener/internal/http-server/handlers/url/redirect/redirect.go:26.54,35.18 4 1
urlshortener/internal/http-server/handlers/url/redirect/redirect.go:35.18,40.4 4 1
urlshortener/internal/http-server/handlers/url/redirect/redirect.go:42.3,43.45 2 1
urlshortener/internal/http-server/handlers/url/redirect/redirect.go:43.45,48.4 4 1
urlshortener/internal/http-server/handlers/url/redirect/redirect.go:50.3,50.17 1 1
urlshortener/internal/http-server/handlers/url/redirect/redirect.go:50.17,55.4 4 0
urlshortener/internal/http-server/handlers/url/redirect/redirect.go:57.3,59.48 2 1
urlshortener/internal/http-server/handlers/url/delete/delete.go:21.68,22.54 1 1
urlshortener/internal/http-server/handlers/url/delete/delete.go:22.54,31.18 4 1
urlshortener/internal/http-server/handlers/url/delete/delete.go:31.18,36.4 4 1
urlshortener/internal/http-server/handlers/url/delete/delete.go:38.3,39.45 2 1
urlshortener/internal/http-server/handlers/url/delete/delete.go:39.45,44.4 4 1
urlshortener/internal/http-server/handlers/url/delete/delete.go:46.3,46.17 1 1
urlshortener/internal/http-server/handlers/url/delete/delete.go:46.17,51.4 4 1
urlshortener/internal/http-server/handlers/url/delete/delete.go:53.3,54.31 2 1
urlshortener/internal/http-server/handlers/url/save/save.go:36.64,37.54 1 1
urlshortener/internal/http-server/handlers/url/save/save.go:37.54,48.29 5 1
urlshortener/internal/http-server/handlers/url/save/save.go:48.29,54.4 3 0
urlshortener/internal/http-server/handlers/url/save/save.go:56.3,56.17 1 1
urlshortener/internal/http-server/handlers/url/save/save.go:56.17,60.4 3 0
urlshortener/internal/http-server/handlers/url/save/save.go:62.3,68.53 2 1
urlshortener/internal/http-server/handlers/url/save/save.go:68.53,74.4 4 1
urlshortener/internal/http-server/handlers/url/save/save.go:76.3,77.18 2 1
urlshortener/internal/http-server/handlers/url/save/save.go:77.18,79.4 1 1
urlshortener/internal/http-server/handlers/url/save/save.go:81.3,82.43 2 1
urlshortener/internal/http-server/handlers/url/save/save.go:82.43,86.4 3 0
urlshortener/internal/http-server/handlers/url/save/save.go:88.3,88.17 1 1
urlshortener/internal/http-server/handlers/url/save/save.go:88.17,92.4 3 1
urlshortener/internal/http-server/handlers/url/save/save.go:94.3,98.5 2 1
